f:\github\library\library\library\debug\vc140.pdb
f:\github\library\library\library\debug\vc140.idb
f:\github\library\library\library\debug\brrow_books.obj
f:\github\library\library\library\debug\manage_books.obj
f:\github\library\library\library\debug\replay_book.obj
f:\github\library\library\library\debug\books.obj
f:\github\library\library\library\debug\book_search.obj
f:\github\library\library\library\debug\reader.obj
f:\github\library\library\library\debug\reach.obj
f:\github\library\library\library\debug\reader_search.obj
f:\github\library\library\library\debug\main.obj
f:\github\library\library\debug\library.pdb
f:\github\library\library\library\debug\library.tlog\cl.command.1.tlog
f:\github\library\library\library\debug\library.tlog\cl.read.1.tlog
f:\github\library\library\library\debug\library.tlog\cl.write.1.tlog
f:\github\library\library\library\debug\library.tlog\link-cvtres.read.1.tlog
f:\github\library\library\library\debug\library.tlog\link-cvtres.write.1.tlog
f:\github\library\library\library\debug\library.tlog\link-rc.read.1.tlog
f:\github\library\library\library\debug\library.tlog\link-rc.write.1.tlog
f:\github\library\library\library\debug\library.tlog\link.command.1.tlog
f:\github\library\library\library\debug\library.tlog\link.read.1.tlog
f:\github\library\library\library\debug\library.tlog\link.write.1.tlog
